<?xml version="1.0" encoding="UTF-8"?>
<!-- Generated by org.testng.reporters.JUnitXMLReporter -->
<testsuite hostname="Nouman-PC" name="Smoke Testcases" tests="5" failures="0" timestamp="11 May 2017 21:09:03 GMT" time="38.763" errors="0">
  <testcase name="SearchFlightsTest" time="4.902" classname="com.tjwl.tests.FlightBookingTests"/>
  <testcase name="testSearchResultsAppear" time="24.46" classname="com.tjwl.tests.FlightBookingTests"/>
  <testcase name="testFilterResultsByAirline" time="3.815" classname="com.tjwl.tests.FlightBookingTests"/>
  <testcase name="testTicketPricesAppear" time="5.015" classname="com.tjwl.tests.FlightBookingTests"/>
  <testcase name="testUserCanSelectFlight" time="0.52" classname="com.tjwl.tests.FlightBookingTests"/>
</testsuite> <!-- Smoke Testcases -->
