<?xml version="1.0" encoding="UTF-8"?>
<testng-results skipped="0" failed="0" total="5" passed="5">
  <reporter-output>
  </reporter-output>
  <suite name="Automation Test" duration-ms="38763" started-at="2017-05-11T21:08:25Z" finished-at="2017-05-11T21:09:03Z">
    <groups>
    </groups>
    <test name="Smoke Testcases" duration-ms="38763" started-at="2017-05-11T21:08:25Z" finished-at="2017-05-11T21:09:03Z">
      <class name="com.tjwl.tests.FlightBookingTests">
        <test-method status="PASS" signature="launchLandingPage()[pri:0, instance:com.tjwl.tests.FlightBookingTests@5474c6c]" name="launchLandingPage" is-config="true" duration-ms="36357" started-at="2017-05-12T01:07:48Z" finished-at="2017-05-12T01:08:25Z">
          <reporter-output>
          </reporter-output>
        </test-method> <!-- launchLandingPage -->
        <test-method status="PASS" signature="SearchFlightsTest()[pri:0, instance:com.tjwl.tests.FlightBookingTests@5474c6c]" name="SearchFlightsTest" duration-ms="4902" started-at="2017-05-12T01:08:25Z" finished-at="2017-05-12T01:08:29Z">
          <reporter-output>
          </reporter-output>
        </test-method> <!-- SearchFlightsTest -->
        <test-method status="PASS" signature="testSearchResultsAppear()[pri:0, instance:com.tjwl.tests.FlightBookingTests@5474c6c]" name="testSearchResultsAppear" duration-ms="24460" started-at="2017-05-12T01:08:29Z" depends-on-methods="com.tjwl.tests.FlightBookingTests.SearchFlightsTest" finished-at="2017-05-12T01:08:54Z">
          <reporter-output>
          </reporter-output>
        </test-method> <!-- testSearchResultsAppear -->
        <test-method status="PASS" signature="testFilterResultsByAirline()[pri:0, instance:com.tjwl.tests.FlightBookingTests@5474c6c]" name="testFilterResultsByAirline" duration-ms="3815" started-at="2017-05-12T01:08:54Z" depends-on-methods="com.tjwl.tests.FlightBookingTests.testSearchResultsAppear" finished-at="2017-05-12T01:08:58Z">
          <reporter-output>
          </reporter-output>
        </test-method> <!-- testFilterResultsByAirline -->
        <test-method status="PASS" signature="testTicketPricesAppear()[pri:0, instance:com.tjwl.tests.FlightBookingTests@5474c6c]" name="testTicketPricesAppear" duration-ms="5015" started-at="2017-05-12T01:08:58Z" depends-on-methods="com.tjwl.tests.FlightBookingTests.testFilterResultsByAirline" finished-at="2017-05-12T01:09:03Z">
          <reporter-output>
          </reporter-output>
        </test-method> <!-- testTicketPricesAppear -->
        <test-method status="PASS" signature="testUserCanSelectFlight()[pri:0, instance:com.tjwl.tests.FlightBookingTests@5474c6c]" name="testUserCanSelectFlight" duration-ms="520" started-at="2017-05-12T01:09:03Z" depends-on-methods="com.tjwl.tests.FlightBookingTests.testTicketPricesAppear" finished-at="2017-05-12T01:09:03Z">
          <reporter-output>
          </reporter-output>
        </test-method> <!-- testUserCanSelectFlight -->
      </class> <!-- com.tjwl.tests.FlightBookingTests -->
    </test> <!-- Smoke Testcases -->
  </suite> <!-- Automation Test -->
</testng-results>
