<?xml version="1.0" encoding="UTF-8"?>
<testng-results skipped="4" failed="0" total="4" passed="0">
  <reporter-output>
  </reporter-output>
  <suite name="Annotation Test" duration-ms="3808" started-at="2017-05-11T14:23:28Z" finished-at="2017-05-11T14:23:32Z">
    <groups>
    </groups>
    <test name="Default test" duration-ms="3808" started-at="2017-05-11T14:23:28Z" finished-at="2017-05-11T14:23:32Z">
      <class name="com.tjwl.tests.SearchResultsPageTests">
        <test-method status="FAIL" signature="setup()[pri:0, instance:com.tjwl.tests.SearchResultsPageTests@3cc1435c]" name="setup" is-config="true" duration-ms="0" started-at="2017-05-11T18:23:28Z" finished-at="2017-05-11T18:23:28Z">
          <exception class="java.lang.NullPointerException">
            <full-stacktrace>
              <![CDATA[java.lang.NullPointerException
	at com.tjwl.tests.SearchFlightsPageTest.SearchFlightsTest(SearchFlightsPageTest.java:24)
	at com.tjwl.tests.SearchResultsPageTests.setup(SearchResultsPageTests.java:20)
	at sun.reflect.NativeMethodAccessorImpl.invoke0(Native Method)
	at sun.reflect.NativeMethodAccessorImpl.invoke(Unknown Source)
	at sun.reflect.DelegatingMethodAccessorImpl.invoke(Unknown Source)
	at java.lang.reflect.Method.invoke(Unknown Source)
	at org.testng.internal.MethodInvocationHelper.invokeMethod(MethodInvocationHelper.java:85)
	at org.testng.internal.Invoker.invokeConfigurationMethod(Invoker.java:510)
	at org.testng.internal.Invoker.invokeConfigurations(Invoker.java:211)
	at org.testng.internal.Invoker.invokeMethod(Invoker.java:585)
	at org.testng.internal.Invoker.invokeTestMethod(Invoker.java:816)
	at org.testng.internal.Invoker.invokeTestMethods(Invoker.java:1124)
	at org.testng.internal.TestMethodWorker.invokeTestMethods(TestMethodWorker.java:124)
	at org.testng.internal.TestMethodWorker.run(TestMethodWorker.java:108)
	at org.testng.TestRunner.privateRun(TestRunner.java:773)
	at org.testng.TestRunner.run(TestRunner.java:623)
	at org.testng.SuiteRunner.runTest(SuiteRunner.java:359)
	at org.testng.SuiteRunner.runSequentially(SuiteRunner.java:354)
	at org.testng.SuiteRunner.privateRun(SuiteRunner.java:312)
	at org.testng.SuiteRunner.run(SuiteRunner.java:261)
	at org.testng.SuiteRunnerWorker.runSuite(SuiteRunnerWorker.java:52)
	at org.testng.SuiteRunnerWorker.run(SuiteRunnerWorker.java:86)
	at org.testng.TestNG.runSuitesSequentially(TestNG.java:1185)
	at org.testng.TestNG.runSuitesLocally(TestNG.java:1110)
	at org.testng.TestNG.run(TestNG.java:1018)
	at org.testng.remote.RemoteTestNG.run(RemoteTestNG.java:112)
	at org.testng.remote.RemoteTestNG.initAndRun(RemoteTestNG.java:205)
	at org.testng.remote.RemoteTestNG.main(RemoteTestNG.java:176)
]]>
            </full-stacktrace>
          </exception> <!-- java.lang.NullPointerException -->
          <reporter-output>
          </reporter-output>
        </test-method> <!-- setup -->
        <test-method status="SKIP" signature="setup()[pri:0, instance:com.tjwl.tests.SearchResultsPageTests@3cc1435c]" name="setup" is-config="true" duration-ms="0" started-at="2017-05-11T18:23:32Z" finished-at="2017-05-11T18:23:32Z">
          <reporter-output>
          </reporter-output>
        </test-method> <!-- setup -->
        <test-method status="SKIP" signature="testSearchResultsAppear()[pri:0, instance:com.tjwl.tests.SearchResultsPageTests@3cc1435c]" name="testSearchResultsAppear" duration-ms="15" started-at="2017-05-11T18:23:32Z" finished-at="2017-05-11T18:23:32Z">
          <reporter-output>
          </reporter-output>
        </test-method> <!-- testSearchResultsAppear -->
        <test-method status="SKIP" signature="testEmiratesAirlinePresent()[pri:0, instance:com.tjwl.tests.SearchResultsPageTests@3cc1435c]" name="testEmiratesAirlinePresent" duration-ms="0" started-at="2017-05-11T18:23:32Z" finished-at="2017-05-11T18:23:32Z">
          <reporter-output>
          </reporter-output>
        </test-method> <!-- testEmiratesAirlinePresent -->
        <test-method status="SKIP" signature="testTicketPricesAppear()[pri:0, instance:com.tjwl.tests.SearchResultsPageTests@3cc1435c]" name="testTicketPricesAppear" duration-ms="0" started-at="2017-05-11T18:23:32Z" finished-at="2017-05-11T18:23:32Z">
          <reporter-output>
          </reporter-output>
        </test-method> <!-- testTicketPricesAppear -->
        <test-method status="SKIP" signature="setup()[pri:0, instance:com.tjwl.tests.SearchResultsPageTests@3cc1435c]" name="setup" is-config="true" duration-ms="0" started-at="2017-05-11T18:23:32Z" finished-at="2017-05-11T18:23:32Z">
          <reporter-output>
          </reporter-output>
        </test-method> <!-- setup -->
        <test-method status="SKIP" signature="testUserCanSelectFlight()[pri:0, instance:com.tjwl.tests.SearchResultsPageTests@3cc1435c]" name="testUserCanSelectFlight" duration-ms="0" started-at="2017-05-11T18:23:32Z" finished-at="2017-05-11T18:23:32Z">
          <reporter-output>
          </reporter-output>
        </test-method> <!-- testUserCanSelectFlight -->
        <test-method status="SKIP" signature="setup()[pri:0, instance:com.tjwl.tests.SearchResultsPageTests@3cc1435c]" name="setup" is-config="true" duration-ms="0" started-at="2017-05-11T18:23:32Z" finished-at="2017-05-11T18:23:32Z">
          <reporter-output>
          </reporter-output>
        </test-method> <!-- setup -->
      </class> <!-- com.tjwl.tests.SearchResultsPageTests -->
    </test> <!-- Default test -->
  </suite> <!-- Annotation Test -->
</testng-results>
